[debug] > Exec(early(addDefaultCommands), None, None)
[debug] > Exec(addDefaultCommands, None, None)
[debug] > Exec(early(initialize), None, None)
[debug] > Exec(initialize, None, None)
[debug] > Exec(early(addPluginSbtFile="""C:\Users\Jul\AppData\Local\Temp\idea.sbt"""), None, None)
[debug] > Exec(addPluginSbtFile="""C:\Users\Jul\AppData\Local\Temp\idea.sbt""", None, None)
[debug] > Exec(boot, None, None)
[debug] > Exec(writeSbtVersion, None, None)
[debug] > Exec(reload, None, None)
[debug] > Exec(sbtStashOnFailure, None, None)
[debug] > Exec(onFailure loadFailed, None, None)
[debug] > Exec(loadp, None, None)
[info] welcome to sbt 1.5.8 (Oracle Corporation Java 17)
[debug]       Load.loadUnit: plugins took 174.6198ms
[debug]       Load.loadUnit: defsScala took 0.603ms
[debug] [Loading] Scanning directory C:\Users\Jul\.sbt\1.0\plugins
[debug] [Loading] Found non-root projects 
[debug] [Loading] Done in C:\Users\Jul\.sbt\1.0\plugins, returning: ()
[debug] deducing auto plugins based on known facts Set(Atom(sbt.plugins.CorePlugin)) and clauses Clauses(Clause(Atom(sbt.plugins.JvmPlugin),Set(Atom(sbt.plugins.IvyPlugin)))
[debug] Clause(Atom(sbt.ScriptedPlugin),Set(Atom(sbt.plugins.JvmPlugin)))
[debug] Clause(Atom(sbt.plugins.SbtPlugin),Set(Atom(sbt.ScriptedPlugin)))
[debug] Clause(Atom(sbt.plugins.SemanticdbPlugin),Set(Atom(sbt.plugins.JvmPlugin)))
[debug] Clause(Atom(sbt.plugins.JUnitXmlReportPlugin),Set(Atom(sbt.plugins.JvmPlugin)))
[debug] Clause(Atom(sbt.plugins.MiniDependencyTreePlugin),Set(Atom(sbt.plugins.JvmPlugin)))
[debug] Clause(Atom(sbt.plugins.CorePlugin),Set(Atom(sbt.plugins.IvyPlugin)))
[debug] Clause(Atom(sbt.plugins.IvyPlugin),Set(Atom(sbt.plugins.JvmPlugin)))
[debug] Clause(Atom(sbt.plugins.JvmPlugin),Set(Atom(sbt.plugins.SemanticdbPlugin)))
[debug] Clause(Atom(sbt.plugins.JvmPlugin),Set(Atom(sbt.plugins.JUnitXmlReportPlugin)))
[debug] Clause(Atom(sbt.plugins.CorePlugin),Set(Atom(sbt.plugins.Giter8TemplatePlugin)))
[debug] Clause(Atom(sbt.plugins.JvmPlugin),Set(Atom(sbt.plugins.MiniDependencyTreePlugin))))
[debug]   :: deduced result: Matched(sbt.plugins.CorePlugin,sbt.plugins.Giter8TemplatePlugin,sbt.plugins.IvyPlugin,sbt.plugins.JvmPlugin,sbt.plugins.MiniDependencyTreePlugin,sbt.plugins.JUnitXmlReportPlugin,sbt.plugins.SemanticdbPlugin)
[debug] Plugins.deducer#function took 34.0771 ms
[debug]           Load.resolveProject(global-plugins) took 103.4637ms
[debug]         Load.loadTransitive: finalizeProject(Project(id global-plugins, base: C:\Users\Jul\.sbt\1.0\plugins, plugins: List(<none>))) took 181.4914ms
[debug] [Loading] Done in C:\Users\Jul\.sbt\1.0\plugins, returning: (global-plugins)
[debug]       Load.loadUnit: loadedProjectsRaw took 231.6798ms
[debug]       Load.loadUnit: cleanEvalClasses took 0.4761ms
[debug]     Load.loadUnit(file:/C:/Users/Jul/.sbt/1.0/plugins/, ...) took 427.8298ms
[debug]   Load.apply: load took 991.9164ms
[debug]   Load.apply: resolveProjects took 17.5439ms
[debug]   Load.apply: finalTransforms took 132.8112ms
[debug]   Load.apply: config.delegates took 17.7273ms
[debug]   Load.apply: Def.make(settings)... took 827.6549ms
[debug]   Load.apply: structureIndex took 224.9746ms
[debug]   Load.apply: mkStreams took 3.9401ms
[info] loading global plugins from C:\Users\Jul\.sbt\1.0\plugins
[debug] Running task... Cancel: Signal, check cycles: false, forcegc: true
[debug] Load.defaultLoad until apply took 9192.5455ms
[debug]           Load.loadUnit: plugins took 72.9638ms
[debug]           Load.loadUnit: defsScala took 0.0099ms
[debug] [Loading] Scanning directory D:\Facultate\Anul 3 Semestrul 1\LFA\Etapa3\skel-scala\project
[debug]             Load.loadUnit: mkEval took 104.5999ms
[debug] [Loading] Found non-root projects 
[debug] [Loading] Done in D:\Facultate\Anul 3 Semestrul 1\LFA\Etapa3\skel-scala\project, returning: ()
[debug] deducing auto plugins based on known facts Set(Atom(sbt.plugins.CorePlugin)) and clauses Clauses(Clause(Atom(sbt.plugins.JvmPlugin),Set(Atom(sbt.plugins.IvyPlugin)))
[debug] Clause(Atom(sbt.ScriptedPlugin),Set(Atom(sbt.plugins.JvmPlugin)))
[debug] Clause(Atom(sbt.plugins.SbtPlugin),Set(Atom(sbt.ScriptedPlugin)))
[debug] Clause(Atom(sbt.plugins.SemanticdbPlugin),Set(Atom(sbt.plugins.JvmPlugin)))
[debug] Clause(Atom(sbt.plugins.JUnitXmlReportPlugin),Set(Atom(sbt.plugins.JvmPlugin)))
[debug] Clause(Atom(sbt.plugins.MiniDependencyTreePlugin),Set(Atom(sbt.plugins.JvmPlugin)))
[debug] Clause(Atom(sbt.plugins.CorePlugin),Set(Atom(sbt.plugins.IvyPlugin)))
[debug] Clause(Atom(sbt.plugins.IvyPlugin),Set(Atom(sbt.plugins.JvmPlugin)))
[debug] Clause(Atom(sbt.plugins.JvmPlugin),Set(Atom(sbt.plugins.SemanticdbPlugin)))
[debug] Clause(Atom(sbt.plugins.JvmPlugin),Set(Atom(sbt.plugins.JUnitXmlReportPlugin)))
[debug] Clause(Atom(sbt.plugins.CorePlugin),Set(Atom(sbt.plugins.Giter8TemplatePlugin)))
[debug] Clause(Atom(sbt.plugins.JvmPlugin),Set(Atom(sbt.plugins.MiniDependencyTreePlugin))))
[debug]   :: deduced result: Matched(sbt.plugins.CorePlugin,sbt.plugins.Giter8TemplatePlugin,sbt.plugins.IvyPlugin,sbt.plugins.JvmPlugin,sbt.plugins.MiniDependencyTreePlugin,sbt.plugins.JUnitXmlReportPlugin,sbt.plugins.SemanticdbPlugin)
[debug] Plugins.deducer#function took 4.0731 ms
[info] loading settings for project skel-scala-build from idea.sbt ...
[debug]               Load.resolveProject(skel-scala-build) took 7.9993ms
[debug]             Load.loadTransitive: finalizeProject(Project(id skel-scala-build, base: D:\Facultate\Anul 3 Semestrul 1\LFA\Etapa3\skel-scala\project, plugins: List(<none>))) took 13.0828ms
[debug] [Loading] Done in D:\Facultate\Anul 3 Semestrul 1\LFA\Etapa3\skel-scala\project, returning: (skel-scala-build)
[debug]           Load.loadUnit: loadedProjectsRaw took 4047.529ms
[debug]           Load.loadUnit: cleanEvalClasses took 11.3677ms
[debug]         Load.loadUnit(file:/D:/Facultate/Anul%203%20Semestrul%201/LFA/Etapa3/skel-scala/project/, ...) took 4133.6365ms
[debug]       Load.apply: load took 4136.5325ms
[debug]       Load.apply: resolveProjects took 0.251ms
[debug]       Load.apply: finalTransforms took 25.2403ms
[debug]       Load.apply: config.delegates took 0.739ms
[debug]       Load.apply: Def.make(settings)... took 162.3864ms
[debug]       Load.apply: structureIndex took 95.2149ms
[debug]       Load.apply: mkStreams took 0.004ms
[info] loading project definition from D:\Facultate\Anul 3 Semestrul 1\LFA\Etapa3\skel-scala\project
[debug] Running task... Cancel: Signal, check cycles: false, forcegc: true
[warn] Unrecognized repository Scala Plugin Bundled Repository, ignoring it
[debug]     Load.loadUnit: plugins took 9045.2648ms
[debug]     Load.loadUnit: defsScala took 0.005ms
[debug] [Loading] Scanning directory D:\Facultate\Anul 3 Semestrul 1\LFA\Etapa3\skel-scala
[debug]       Load.loadUnit: mkEval took 0.5046ms
[debug] [Loading] Found root project root w/ remaining 
[debug] deducing auto plugins based on known facts Set(Atom(sbt.plugins.CorePlugin)) and clauses Clauses(Clause(Atom(sbt.plugins.JvmPlugin),Set(Atom(sbt.plugins.IvyPlugin)))
[debug] Clause(Atom(sbt.ScriptedPlugin),Set(Atom(sbt.plugins.JvmPlugin)))
[debug] Clause(Atom(sbt.plugins.SbtPlugin),Set(Atom(sbt.ScriptedPlugin)))
[debug] Clause(Atom(sbt.plugins.SemanticdbPlugin),Set(Atom(sbt.plugins.JvmPlugin)))
[debug] Clause(Atom(sbt.plugins.JUnitXmlReportPlugin),Set(Atom(sbt.plugins.JvmPlugin)))
[debug] Clause(Atom(sbt.plugins.MiniDependencyTreePlugin),Set(Atom(sbt.plugins.JvmPlugin)))
[debug] Clause(Atom(org.jetbrains.sbt.StructurePlugin),Set(Atom(sbt.plugins.JvmPlugin)))
[debug] Clause(Atom(org.jetbrains.sbt.IdeaShellPlugin),Set(Atom(sbt.plugins.JvmPlugin)))
[debug] Clause(Atom(org.jetbrains.sbt.indices.SbtIntellijIndicesPlugin),Set(Atom(sbt.plugins.JvmPlugin)))
[debug] Clause(Atom(sbt.plugins.CorePlugin),Set(Atom(sbt.plugins.IvyPlugin)))
[debug] Clause(Atom(sbt.plugins.IvyPlugin),Set(Atom(sbt.plugins.JvmPlugin)))
[debug] Clause(Atom(sbt.plugins.JvmPlugin),Set(Atom(sbt.plugins.SemanticdbPlugin)))
[debug] Clause(Atom(sbt.plugins.JvmPlugin),Set(Atom(sbt.plugins.JUnitXmlReportPlugin)))
[debug] Clause(Atom(sbt.plugins.CorePlugin),Set(Atom(sbt.plugins.Giter8TemplatePlugin)))
[debug] Clause(Atom(sbt.plugins.JvmPlugin),Set(Atom(sbt.plugins.MiniDependencyTreePlugin)))
[debug] Clause(Atom(sbt.plugins.JvmPlugin),Set(Atom(org.jetbrains.sbt.StructurePlugin)))
[debug] Clause(Atom(sbt.plugins.JvmPlugin),Set(Atom(org.jetbrains.sbt.IdeaShellPlugin)))
[debug] Clause(And(Set(Atom(sbt.plugins.CorePlugin), Atom(sbt.plugins.JvmPlugin))),Set(Atom(org.jetbrains.sbt.indices.SbtIntellijIndicesPlugin))))
[debug]   :: deduced result: Matched(sbt.plugins.CorePlugin,sbt.plugins.Giter8TemplatePlugin,sbt.plugins.IvyPlugin,sbt.plugins.JvmPlugin,sbt.plugins.SemanticdbPlugin,org.jetbrains.sbt.indices.SbtIntellijIndicesPlugin,sbt.plugins.JUnitXmlReportPlugin,org.jetbrains.sbt.IdeaShellPlugin,org.jetbrains.sbt.StructurePlugin,sbt.plugins.MiniDependencyTreePlugin)
[debug] Plugins.deducer#function took 4.2682 ms
[info] loading settings for project root from build.sbt ...
[debug]         Load.resolveProject(root) took 68.3099ms
[debug]       Load.loadTransitive: finalizeProject(Project(id root, base: D:\Facultate\Anul 3 Semestrul 1\LFA\Etapa3\skel-scala, plugins: List(<none>))) took 75.8221ms
[debug] [Loading] Done in D:\Facultate\Anul 3 Semestrul 1\LFA\Etapa3\skel-scala, returning: (root)
[debug]     Load.loadUnit: loadedProjectsRaw took 2365.4793ms
[debug]     Load.loadUnit: cleanEvalClasses took 65.2154ms
[debug]   Load.loadUnit(file:/D:/Facultate/Anul%203%20Semestrul%201/LFA/Etapa3/skel-scala/, ...) took 11477.8476ms
[debug] Load.apply: load took 11481.3814ms
[debug] Load.apply: resolveProjects took 0.2272ms
[debug] Load.apply: finalTransforms took 62.2413ms
[debug] Load.apply: config.delegates took 0.5676ms
[debug] Load.apply: Def.make(settings)... took 126.7983ms
[debug] Load.apply: structureIndex took 65.0393ms
[debug] Load.apply: mkStreams took 0.0042ms
[info] set current project to LFA-2022-2023 (in build file:/D:/Facultate/Anul%203%20Semestrul%201/LFA/Etapa3/skel-scala/)
[debug] > Exec(sbtPopOnFailure, None, None)
[debug] > Exec(resumeFromFailure, None, None)
[debug] > Exec(notifyUsersAboutShell, None, None)
[debug] > Exec(iflast shell, None, None)
[debug] > Exec(; set ideaPort in Global := 61932 ; idea-shell, None, None)
[debug] > Exec(set ideaPort in Global := 61932, None, None)
[info] Defining Global / ideaPort
[info] The new value will be used by Compile / compile, Test / compile
[debug] Defining 
[debug] 	Global / ideaPort
[debug] 
[debug] The new value will be used by 
[debug] 	Compile / compile
[debug] 	Test / compile
[info] Reapplying settings...
[info] set current project to LFA-2022-2023 (in build file:/D:/Facultate/Anul%203%20Semestrul%201/LFA/Etapa3/skel-scala/)
[debug] > Exec(idea-shell, None, None)
